<?xml version="1.0" encoding="UTF-8"?>
<!-- Generated by org.testng.reporters.JUnitReportReporter -->
<testsuite hostname="SaiMadhuri" failures="0" tests="1" name="com.celtic.automation.cmcs.testrunner.RWC002TestRunner" time="898.460" errors="0" timestamp="2022-12-07T14:44:01 IST" skipped="0">
  <testcase classname="com.celtic.automation.cmcs.testrunner.RWC002TestRunner" name="runScenario" time="898.460"/>
  <system-out/>
</testsuite> <!-- com.celtic.automation.cmcs.testrunner.RWC002TestRunner -->
