<?xml version="1.0" encoding="UTF-8"?>
<!-- Generated by org.testng.reporters.JUnitReportReporter -->
<testsuite hostname="SaiMadhuri" failures="0" tests="1" name="com.celtic.automation.cmcs.testrunner.RWC001TestRunner" time="619.904" errors="0" timestamp="2022-12-07T15:18:57 IST" skipped="0">
  <testcase classname="com.celtic.automation.cmcs.testrunner.RWC001TestRunner" name="runScenario" time="619.904"/>
  <system-out/>
</testsuite> <!-- com.celtic.automation.cmcs.testrunner.RWC001TestRunner -->
