<?xml version="1.0" encoding="UTF-8"?>
<!-- Generated by org.testng.reporters.JUnitReportReporter -->
<testsuite hostname="SaiMadhuri" failures="0" tests="1" name="com.celtic.automation.cmcs.testrunner.RWC003TestRunner" time="462.884" errors="0" timestamp="2022-12-07T13:08:41 IST" skipped="0">
  <testcase classname="com.celtic.automation.cmcs.testrunner.RWC003TestRunner" name="runScenario" time="462.884"/>
  <system-out/>
</testsuite> <!-- com.celtic.automation.cmcs.testrunner.RWC003TestRunner -->
